<?xml version="1.0" encoding="UTF-8"?>
<!-- Generated by org.testng.reporters.JUnitReportReporter -->
<testsuite hostname="DESKTOP-XEON" failures="0" tests="1" name="calc.AM3Login" time="1.270" errors="0" timestamp="2022-06-26T15:06:29 EEST" skipped="0">
  <testcase classname="calc.AM3Login" name="failreg" time="1.270"/>
  <system-out/>
</testsuite> <!-- calc.AM3Login -->
