<?xml version="1.0" encoding="UTF-8"?>
<!-- Generated by org.testng.reporters.JUnitReportReporter -->
<testsuite hostname="DESKTOP-XEON" failures="0" tests="1" name="calc.AM4" time="2.358" errors="0" timestamp="2022-06-26T15:19:43 EEST" skipped="0">
  <testcase classname="calc.AM4" name="failreg" time="2.358"/>
  <system-out/>
</testsuite> <!-- calc.AM4 -->
