<?xml version="1.0" encoding="UTF-8"?>
<!-- Generated by org.testng.reporters.JUnitReportReporter -->
<testsuite hostname="DESKTOP-XEON" failures="0" tests="5" name="Test.UserLoginPoz" time="12.719" errors="0" timestamp="2022-06-27T23:35:44 EEST" skipped="0">
  <testcase classname="Test.UserLoginPoz" name="AM0" time="6.061"/>
  <system-out/>
  <testcase classname="Test.UserLoginPoz" name="AM4" time="1.489"/>
  <system-out/>
  <testcase classname="Test.UserLoginPoz" name="AM1" time="0.390"/>
  <system-out/>
  <testcase classname="Test.UserLoginPoz" name="AM2" time="2.386"/>
  <system-out/>
  <testcase classname="Test.UserLoginPoz" name="AM3" time="2.393"/>
  <system-out/>
</testsuite> <!-- Test.UserLoginPoz -->
