<?xml version="1.0" encoding="UTF-8"?>
<!-- Generated by org.testng.reporters.JUnitReportReporter -->
<testsuite hostname="DESKTOP-XEON" failures="0" tests="1" name="calc.AM0" time="1.847" errors="0" timestamp="2022-06-26T14:38:29 EEST" skipped="0">
  <testcase classname="calc.AM0" name="failreg" time="1.847"/>
  <system-out/>
</testsuite> <!-- calc.AM0 -->
