<?xml version="1.0" encoding="UTF-8"?>
<!-- Generated by org.testng.reporters.JUnitReportReporter -->
<testsuite hostname="DESKTOP-XEON" failures="0" tests="1" name="Test.UserLogOutPoz" time="2.206" errors="0" timestamp="2022-06-27T22:35:09 EEST" skipped="0">
  <testcase classname="Test.UserLogOutPoz" name="AM4" time="2.206"/>
  <system-out/>
</testsuite> <!-- Test.UserLogOutPoz -->
