<?xml version="1.0" encoding="UTF-8"?>
<!-- Generated by org.testng.reporters.JUnitReportReporter -->
<testsuite hostname="DESKTOP-XEON" failures="0" tests="1" name="NamuDarbas.UserReg" time="6.686" errors="0" timestamp="2022-05-11T11:33:14 EEST" skipped="0">
  <testcase classname="NamuDarbas.UserReg" name="ReadFile" time="6.686"/>
  <system-out/>
</testsuite> <!-- NamuDarbas.UserReg -->
