<?xml version="1.0" encoding="UTF-8"?>
<!-- Generated by org.testng.reporters.JUnitReportReporter -->
<testsuite hostname="DESKTOP-XEON" failures="0" tests="1" name="Test.RegistrationNeg" time="2.094" errors="0" timestamp="2022-06-27T22:35:09 EEST" skipped="0">
  <testcase classname="Test.RegistrationNeg" name="AM1" time="2.094"/>
  <system-out/>
</testsuite> <!-- Test.RegistrationNeg -->
