<?xml version="1.0" encoding="UTF-8"?>
<!-- Generated by org.testng.reporters.JUnitReportReporter -->
<testsuite hostname="DESKTOP-XEON" failures="0" tests="1" name="NamuDarbas.ShopingChart" time="0.801" errors="0" timestamp="2022-05-11T11:28:15 EEST" skipped="0">
  <testcase classname="NamuDarbas.ShopingChart" name="OpenPage" time="0.801"/>
  <system-out/>
</testsuite> <!-- NamuDarbas.ShopingChart -->
