<?xml version="1.0" encoding="UTF-8"?>
<!-- Generated by org.testng.reporters.JUnitReportReporter -->
<testsuite hostname="DESKTOP-XEON" failures="0" tests="1" name="Test.UserLoginNeg" time="0.720" errors="0" timestamp="2022-06-27T23:24:34 EEST" skipped="0">
  <testcase classname="Test.UserLoginNeg" name="AM3" time="0.720"/>
  <system-out/>
</testsuite> <!-- Test.UserLoginNeg -->
